<?xml version="1.0" encoding="UTF-8"?>
<!-- Generated by org.testng.reporters.JUnitReportReporter -->
<testsuite hostname="DESKTOP-95KRL4B" failures="0" tests="1" name="selenium_practice.selenium_test.day1" time="0.004" errors="0" timestamp="2024-08-16T12:12:13 IST" skipped="0">
  <testcase classname="selenium_practice.selenium_test.day1" name="demo2" time="0.004"/>
  <system-out/>
</testsuite> <!-- selenium_practice.selenium_test.day1 -->
