<?xml version="1.0" encoding="UTF-8"?>
<!-- Generated by org.testng.reporters.JUnitReportReporter -->
<testsuite hostname="DESKTOP-95KRL4B" failures="0" tests="5" name="selenium_practice.selenium_test.day4" time="0.038" errors="0" timestamp="2024-08-16T12:12:13 IST" skipped="1">
  <testcase classname="selenium_practice.selenium_test.day4" name="edemo5" time="0.007"/>
  <system-out/>
  <testcase classname="selenium_practice.selenium_test.day4" name="edemo5" time="0.012"/>
  <system-out/>
  <testcase classname="selenium_practice.selenium_test.day4" name="edemo5" time="0.010"/>
  <system-out/>
  <testcase classname="selenium_practice.selenium_test.day4" name="bdemo5" time="0.009"/>
  <system-out/>
  <testcase classname="selenium_practice.selenium_test.day4" name="ademo4">
    <skipped/>
  </testcase> <!-- ademo4 -->
  <system-out/>
</testsuite> <!-- selenium_practice.selenium_test.day4 -->
