<?xml version="1.0" encoding="UTF-8"?>
<!-- Generated by org.testng.reporters.JUnitReportReporter -->
<testsuite hostname="DESKTOP-95KRL4B" failures="0" tests="1" name="selenium_practice.selenium_test.day2" time="0.006" errors="0" timestamp="2024-08-15T19:29:35 IST" skipped="0">
  <testcase classname="selenium_practice.selenium_test.day2" name="d2" time="0.006"/>
  <system-out/>
</testsuite> <!-- selenium_practice.selenium_test.day2 -->
