<?xml version="1.0" encoding="UTF-8"?>
<!-- Generated by org.testng.reporters.JUnitReportReporter -->
<testsuite hostname="DESKTOP-95KRL4B" failures="0" tests="1" name="selenium_practice.selenium_test.day3" time="0.007" errors="0" timestamp="2024-08-15T20:10:40 IST" skipped="0">
  <testcase classname="selenium_practice.selenium_test.day3" name="demo3" time="0.007"/>
  <system-out/>
</testsuite> <!-- selenium_practice.selenium_test.day3 -->
